2025-10-20 18:49:00 | INFO | repo=a4m36jee-2014 | action=commit
2025-04-22 09:23:00 | DEBUG | repo=a4m36jee-2014 | action=commit
2025-06-27 20:22:00 | DEBUG | repo=a4m36jee-2014 | action=commit
2025-11-18 18:23:00 | INFO | repo=a4m36jee-2014 | action=test | passed=true
2025-02-14 07:05:00 | WARN | repo=a4m36jee-2014 | action=commit
2025-09-15 20:10:00 | DEBUG | repo=a4m36jee-2014 | action=commit
2025-12-06 08:32:00 | DEBUG | repo=a4m36jee-2014 | action=commit
2025-10-10 07:57:00 | WARN | repo=a4m36jee-2014 | action=commit
2025-11-25 08:45:00 | WARN | repo=a4m36jee-2014 | action=commit
2025-07-04 15:02:00 | INFO | repo=a4m36jee-2014 | action=commit
2025-05-01 18:22:00 | INFO | repo=a4m36jee-2014 | action=commit
2025-05-15 21:39:00 | DEBUG | repo=a4m36jee-2014 | action=commit
2025-11-24 18:56:00 | INFO | repo=a4m36jee-2014 | action=pull
2025-05-21 07:01:00 | DEBUG | repo=a4m36jee-2014 | action=commit
2025-11-19 21:46:00 | WARN | repo=a4m36jee-2014 | action=commit
2025-09-08 08:35:00 | WARN | repo=a4m36jee-2014 | action=commit
2025-07-24 18:07:00 | INFO | repo=a4m36jee-2014 | action=pull
2025-06-16 20:03:00 | WARN | repo=a4m36jee-2014 | action=pull
2025-10-15 17:20:00 | DEBUG | repo=a4m36jee-2014 | action=edit | files=1
2025-01-07 07:58:00 | DEBUG | repo=a4m36jee-2014 | action=commit
2025-12-27 21:54:00 | INFO | repo=a4m36jee-2014 | action=commit
2025-08-24 17:15:00 | WARN | repo=a4m36jee-2014 | action=edit | files=2
2025-04-06 13:19:00 | WARN | repo=a4m36jee-2014 | action=test | passed=true
2025-11-08 21:20:00 | DEBUG | repo=a4m36jee-2014 | action=commit
2025-03-27 09:49:00 | DEBUG | repo=a4m36jee-2014 | action=commit
2025-06-28 11:24:00 | DEBUG | repo=a4m36jee-2014 | action=commit
2025-02-20 09:05:00 | WARN | repo=a4m36jee-2014 | action=commit
2025-04-26 07:26:00 | DEBUG | repo=a4m36jee-2014 | action=commit
2025-07-18 19:53:00 | WARN | repo=a4m36jee-2014 | action=commit
2025-02-13 12:28:00 | WARN | repo=a4m36jee-2014 | action=commit
2025-03-16 21:00:00 | INFO | repo=a4m36jee-2014 | action=commit
2025-01-09 16:02:00 | INFO | repo=a4m36jee-2014 | action=commit
2025-05-26 08:02:00 | DEBUG | repo=a4m36jee-2014 | action=commit
2025-08-21 21:57:00 | WARN | repo=a4m36jee-2014 | action=commit
2025-06-03 18:55:00 | DEBUG | repo=a4m36jee-2014 | action=commit
2025-12-17 18:01:00 | WARN | repo=a4m36jee-2014 | action=commit
2025-03-07 19:14:00 | DEBUG | repo=a4m36jee-2014 | action=commit
2025-10-10 18:43:00 | DEBUG | repo=a4m36jee-2014 | action=commit
2025-01-25 14:42:00 | INFO | repo=a4m36jee-2014 | action=commit
2025-12-07 10:40:00 | DEBUG | repo=a4m36jee-2014 | action=commit
2025-04-19 14:25:00 | DEBUG | repo=a4m36jee-2014 | action=commit
2025-09-18 08:30:00 | WARN | repo=a4m36jee-2014 | action=commit
2025-05-20 08:17:00 | INFO | repo=a4m36jee-2014 | action=commit
2025-05-05 16:18:00 | INFO | repo=a4m36jee-2014 | action=commit
2025-01-23 21:38:00 | DEBUG | repo=a4m36jee-2014 | action=edit | files=1
2025-11-20 14:55:00 | DEBUG | repo=a4m36jee-2014 | action=pull
2025-11-01 21:52:00 | DEBUG | repo=a4m36jee-2014 | action=commit
2025-08-06 16:24:00 | WARN | repo=a4m36jee-2014 | action=commit
2025-12-21 08:56:00 | WARN | repo=a4m36jee-2014 | action=commit
2025-01-16 16:48:00 | INFO | repo=a4m36jee-2014 | action=commit
2025-09-14 21:53:00 | DEBUG | repo=a4m36jee-2014 | action=commit
2025-03-07 20:29:00 | DEBUG | repo=a4m36jee-2014 | action=commit
2025-01-25 09:55:00 | WARN | repo=a4m36jee-2014 | action=commit
2025-07-24 08:21:00 | DEBUG | repo=a4m36jee-2014 | action=commit
2025-12-22 08:36:00 | INFO | repo=a4m36jee-2014 | action=test | passed=true
2025-01-20 17:44:00 | INFO | repo=a4m36jee-2014 | action=commit
2025-08-04 16:50:00 | INFO | repo=a4m36jee-2014 | action=test | passed=true
2025-04-20 09:17:00 | INFO | repo=a4m36jee-2014 | action=commit
2025-07-20 13:56:00 | WARN | repo=a4m36jee-2014 | action=test | passed=true
2025-05-20 09:29:00 | DEBUG | repo=a4m36jee-2014 | action=test | passed=true
2025-10-28 09:52:00 | DEBUG | repo=a4m36jee-2014 | action=commit
2025-09-09 12:29:00 | INFO | repo=a4m36jee-2014 | action=commit
2025-05-04 08:37:00 | WARN | repo=a4m36jee-2014 | action=commit
2025-04-26 14:07:00 | DEBUG | repo=a4m36jee-2014 | action=pull
2025-10-19 21:23:00 | WARN | repo=a4m36jee-2014 | action=commit
2025-05-14 11:39:00 | INFO | repo=a4m36jee-2014 | action=commit
2025-08-01 07:05:00 | DEBUG | repo=a4m36jee-2014 | action=commit
2025-05-14 21:35:00 | WARN | repo=a4m36jee-2014 | action=commit
2025-07-05 18:07:00 | INFO | repo=a4m36jee-2014 | action=edit | files=1
2025-06-06 08:37:00 | WARN | repo=a4m36jee-2014 | action=pull
2025-08-02 07:57:00 | WARN | repo=a4m36jee-2014 | action=commit
2025-02-12 10:50:00 | INFO | repo=a4m36jee-2014 | action=commit
2025-12-04 12:46:00 | WARN | repo=a4m36jee-2014 | action=commit
2025-06-11 16:25:00 | INFO | repo=a4m36jee-2014 | action=commit
2025-05-06 09:18:00 | INFO | repo=a4m36jee-2014 | action=commit
2025-06-19 15:15:00 | DEBUG | repo=a4m36jee-2014 | action=pull
2025-10-08 19:49:00 | DEBUG | repo=a4m36jee-2014 | action=commit
2025-08-26 19:52:00 | INFO | repo=a4m36jee-2014 | action=commit
2025-01-17 20:35:00 | DEBUG | repo=a4m36jee-2014 | action=commit
2025-10-23 10:28:00 | DEBUG | repo=a4m36jee-2014 | action=commit
2025-07-12 16:43:00 | INFO | repo=a4m36jee-2014 | action=edit | files=1
2025-08-02 19:58:00 | WARN | repo=a4m36jee-2014 | action=commit
2025-04-24 18:49:00 | INFO | repo=a4m36jee-2014 | action=commit
2025-07-08 18:08:00 | DEBUG | repo=a4m36jee-2014 | action=commit
2025-06-15 15:37:00 | WARN | repo=a4m36jee-2014 | action=commit
2025-10-12 18:43:00 | DEBUG | repo=a4m36jee-2014 | action=commit
2025-11-04 07:01:00 | DEBUG | repo=a4m36jee-2014 | action=commit
2025-05-07 08:00:00 | INFO | repo=a4m36jee-2014 | action=pull
2025-08-09 20:32:00 | DEBUG | repo=a4m36jee-2014 | action=commit
2025-09-02 10:53:00 | INFO | repo=a4m36jee-2014 | action=edit | files=4
2025-11-11 17:29:00 | INFO | repo=a4m36jee-2014 | action=commit
2025-10-18 10:19:00 | DEBUG | repo=a4m36jee-2014 | action=commit
2025-11-23 18:13:00 | WARN | repo=a4m36jee-2014 | action=commit
2025-09-23 10:42:00 | DEBUG | repo=a4m36jee-2014 | action=commit
2025-03-10 08:53:00 | DEBUG | repo=a4m36jee-2014 | action=commit
2025-01-02 12:43:00 | DEBUG | repo=a4m36jee-2014 | action=commit
2025-04-26 08:41:00 | DEBUG | repo=a4m36jee-2014 | action=commit
2025-04-24 20:32:00 | WARN | repo=a4m36jee-2014 | action=commit
2025-01-18 19:39:00 | WARN | repo=a4m36jee-2014 | action=pull
2025-12-10 16:02:00 | INFO | repo=a4m36jee-2014 | action=commit
2025-11-03 08:07:00 | INFO | repo=a4m36jee-2014 | action=commit
2025-06-10 08:33:00 | WARN | repo=a4m36jee-2014 | action=commit
2025-09-17 15:43:00 | INFO | repo=a4m36jee-2014 | action=commit
2025-12-25 13:15:00 | WARN | repo=a4m36jee-2014 | action=commit
2025-10-17 13:41:00 | INFO | repo=a4m36jee-2014 | action=commit
2025-02-14 11:06:00 | WARN | repo=a4m36jee-2014 | action=commit
2025-04-14 07:37:00 | WARN | repo=a4m36jee-2014 | action=commit
2025-10-01 10:51:00 | INFO | repo=a4m36jee-2014 | action=commit
2025-04-11 09:13:00 | WARN | repo=a4m36jee-2014 | action=pull
2025-03-23 08:02:00 | INFO | repo=a4m36jee-2014 | action=commit
2025-07-06 07:01:00 | INFO | repo=a4m36jee-2014 | action=commit
2025-10-11 21:44:00 | DEBUG | repo=a4m36jee-2014 | action=commit
2025-05-06 19:16:00 | INFO | repo=a4m36jee-2014 | action=commit
2025-12-01 18:28:00 | INFO | repo=a4m36jee-2014 | action=commit
2025-01-02 17:03:00 | DEBUG | repo=a4m36jee-2014 | action=test | passed=true
2025-08-09 18:01:00 | DEBUG | repo=a4m36jee-2014 | action=test | passed=true
2025-06-28 19:54:00 | INFO | repo=a4m36jee-2014 | action=commit
2025-06-01 11:41:00 | WARN | repo=a4m36jee-2014 | action=commit
2025-03-06 08:22:00 | DEBUG | repo=a4m36jee-2014 | action=edit | files=5
2025-01-28 17:58:00 | WARN | repo=a4m36jee-2014 | action=commit
2025-02-04 07:21:00 | WARN | repo=a4m36jee-2014 | action=commit
2025-10-13 13:44:00 | WARN | repo=a4m36jee-2014 | action=commit
2025-02-12 07:00:00 | INFO | repo=a4m36jee-2014 | action=test | passed=true
2025-06-21 13:29:00 | DEBUG | repo=a4m36jee-2014 | action=edit | files=1
2025-03-15 10:56:00 | DEBUG | repo=a4m36jee-2014 | action=commit
2025-05-26 20:16:00 | DEBUG | repo=a4m36jee-2014 | action=commit
2025-03-20 15:11:00 | WARN | repo=a4m36jee-2014 | action=test | passed=true
2025-05-27 20:27:00 | DEBUG | repo=a4m36jee-2014 | action=commit
2025-02-16 13:15:00 | WARN | repo=a4m36jee-2014 | action=commit
2025-11-02 18:51:00 | WARN | repo=a4m36jee-2014 | action=commit
2025-04-08 16:41:00 | DEBUG | repo=a4m36jee-2014 | action=commit
2025-09-04 07:16:00 | DEBUG | repo=a4m36jee-2014 | action=test | passed=true
2025-09-18 16:01:00 | DEBUG | repo=a4m36jee-2014 | action=pull
2025-08-25 09:07:00 | WARN | repo=a4m36jee-2014 | action=commit
2025-09-02 16:37:00 | DEBUG | repo=a4m36jee-2014 | action=commit
2025-06-20 21:11:00 | INFO | repo=a4m36jee-2014 | action=commit
2025-06-19 10:22:00 | INFO | repo=a4m36jee-2014 | action=commit
2025-07-07 18:48:00 | DEBUG | repo=a4m36jee-2014 | action=commit
2025-11-16 07:37:00 | INFO | repo=a4m36jee-2014 | action=commit
2025-08-17 08:46:00 | INFO | repo=a4m36jee-2014 | action=test | passed=true
2025-07-28 18:39:00 | WARN | repo=a4m36jee-2014 | action=commit
